<?xml version="1.0" encoding="UTF-8"?>
<testsuite xmlns:xsi="http://www.w3.org/2001/XMLSchema-instance" xsi:noNamespaceSchemaLocation="https://maven.apache.org/surefire/maven-surefire-plugin/xsd/surefire-test-report.xsd" name="TestSuite" time="22.581" tests="10" errors="0" skipped="0" failures="1">
  <properties>
[...]
</properties>
  <testcase name="diff" classname="com.qa.tests.DemoTest1" time="0.011"/>
  <testcase name="div" classname="com.qa.tests.DemoTest1" time="0"/>
  <testcase name="mult" classname="com.qa.tests.DemoTest1" time="0"/>
  <testcase name="sum" classname="com.qa.tests.DemoTest1" time="0"/>
  <testcase name="diff" classname="com.qa.tests.DemoTestTestNGclass" time="0"/>
  <testcase name="div" classname="com.qa.tests.DemoTestTestNGclass" time="0"/>
  <testcase name="mult" classname="com.qa.tests.DemoTestTestNGclass" time="0"/>
  <testcase name="sum" classname="com.qa.tests.DemoTestTestNGclass" time="0.001"/>
  <testcase name="validateTitle" classname="com.qa.tests.Log4jDemo" time="0.303"/>
  <testcase name="LoginClick" classname="com.qa.tests.Log4jDemo" time="4.428">
    <failure message="expected [Cogmento CRM] but found [CRM]" type="java.lang.AssertionError">java.lang.AssertionError: expected [Cogmento CRM] but found [CRM]
	at com.qa.tests.Log4jDemo.LoginClick(Log4jDemo.java:72)
</failure>
    <system-out><![CDATA[03-23-2019 17:55:09 Log4jDemo.java INFO  [main] tests.Log4jDemo 84 - ***************** Driver closed sucessfully***************
03-23-2019 17:55:09 Log4jDemo.java INFO  [main] tests.Log4jDemo 28 - ***************** Starting Test Case Execution ***************
03-23-2019 17:55:15 Log4jDemo.java INFO  [main] tests.Log4jDemo 36 - entering Application URL
03-23-2019 17:55:15 Log4jDemo.java INFO  [main] tests.Log4jDemo 56 - ***************** Statring Test Case***************
03-23-2019 17:55:15 Log4jDemo.java INFO  [main] tests.Log4jDemo 57 - ***************** LoginClick Started ***************
03-23-2019 17:55:18 Log4jDemo.java DEBUG [main] tests.Log4jDemo 65 - This is dubug message
]]></system-out>
    <system-err><![CDATA[Starting ChromeDriver 2.41.578737 (49da6702b16031c40d63e5618de03a32ff6c197e) on port 48084
Only local connections are allowed.
Mar 23, 2019 5:55:12 PM org.openqa.selenium.remote.ProtocolHandshake createSession
INFO: Detected dialect: OSS
]]></system-err>
  </testcase>
</testsuite>